<?xml version="1.0" encoding="UTF-8"?>
<testng-results skipped="0" failed="0" ignored="0" total="1" passed="1">
  <reporter-output>
  </reporter-output>
  <suite name="Default suite" duration-ms="44444" started-at="2021-08-28T14:30:11 IST" finished-at="2021-08-28T14:30:56 IST">
    <groups>
    </groups>
    <test name="Default test" duration-ms="44444" started-at="2021-08-28T14:30:11 IST" finished-at="2021-08-28T14:30:56 IST">
      <class name="MavenDemoSample.MavenDemo.DemoTest">
        <test-method status="PASS" signature="openBrowser()[pri:0, instance:MavenDemoSample.MavenDemo.DemoTest@1f57539]" name="openBrowser" duration-ms="44230" started-at="2021-08-28T14:30:11 IST" finished-at="2021-08-28T14:30:56 IST">
          <reporter-output>
          </reporter-output>
        </test-method> <!-- openBrowser -->
      </class> <!-- MavenDemoSample.MavenDemo.DemoTest -->
    </test> <!-- Default test -->
  </suite> <!-- Default suite -->
</testng-results>
